c:\asteroids\src\boilerplate\x64\debug\vc141.pdb
c:\asteroids\src\boilerplate\x64\debug\vc141.idb
c:\asteroids\src\boilerplate\x64\debug\app.obj
c:\asteroids\src\boilerplate\x64\debug\asteroid.obj
c:\asteroids\src\boilerplate\x64\debug\bullet.obj
c:\asteroids\src\boilerplate\x64\debug\color.obj
c:\asteroids\src\boilerplate\x64\debug\drawingtool.obj
c:\asteroids\src\boilerplate\x64\debug\game.obj
c:\asteroids\src\boilerplate\x64\debug\inputmanager.obj
c:\asteroids\src\boilerplate\x64\debug\palette.obj
c:\asteroids\src\boilerplate\x64\debug\main.obj
c:\asteroids\src\boilerplate\x64\debug\mathutilities.obj
c:\asteroids\src\boilerplate\x64\debug\player.obj
c:\asteroids\src\boilerplate\x64\debug\sdlevent.obj
c:\asteroids\src\boilerplate\x64\debug\spaceobject.obj
c:\asteroids\src\boilerplate\x64\debug\textmanager.obj
c:\asteroids\src\boilerplate\x64\debug\timemanager.obj
c:\asteroids\src\boilerplate\x64\debug\vector2.obj
c:\asteroids\src\boilerplate\x64\debug\vector3.obj
c:\asteroids\src\boilerplate\x64\debug\vector4.obj
c:\asteroids\src\boilerplate\x64\debug\stb_image.obj
c:\asteroids\src\boilerplate\x64\debug\font.obj
c:\asteroids\src\boilerplate\x64\debug\saucer.obj
c:\asteroids\src\boilerplate\x64\debug\sound.obj
c:\asteroids\src\boilerplate\x64\debug\soundplayer.obj
c:\asteroids\src\x64\debug\boilerplate.exe
c:\asteroids\src\x64\debug\boilerplate.ilk
c:\asteroids\src\x64\debug\boilerplate.pdb
c:\asteroids\src\boilerplate\x64\debug\boilerplate.res
c:\asteroids\src\boilerplate\x64\debug\boilerplate.tlog\cl.command.1.tlog
c:\asteroids\src\boilerplate\x64\debug\boilerplate.tlog\cl.read.1.tlog
c:\asteroids\src\boilerplate\x64\debug\boilerplate.tlog\cl.write.1.tlog
c:\asteroids\src\boilerplate\x64\debug\boilerplate.tlog\link.command.1.tlog
c:\asteroids\src\boilerplate\x64\debug\boilerplate.tlog\link.read.1.tlog
c:\asteroids\src\boilerplate\x64\debug\boilerplate.tlog\link.write.1.tlog
c:\asteroids\src\boilerplate\x64\debug\boilerplate.tlog\rc.command.1.tlog
c:\asteroids\src\boilerplate\x64\debug\boilerplate.tlog\rc.read.1.tlog
c:\asteroids\src\boilerplate\x64\debug\boilerplate.tlog\rc.write.1.tlog
