  App.cpp
  Asteroid.cpp
  Bullet.cpp
  Color.cpp
  DrawingTool.cpp
  Font.cpp
  Game.cpp
  InputManager.cpp
  Palette.cpp
  main.cpp
  MathUtilities.cpp
  Player.cpp
  Saucer.cpp
  SDLEvent.cpp
  Sound.cpp
  SoundPlayer.cpp
  SpaceObject.cpp
  TextManager.cpp
  TimeManager.cpp
  Vector2.cpp
  Compiling...
  Vector3.cpp
  Vector4.cpp
  stb_image.c
  Generating code
  Finished generating code
  All 821 functions were compiled because no usable IPDB/IOBJ from previous compilation was found.
  BoilerPlate.vcxproj -> C:\Asteroids\src\x64\Release\BoilerPlate.exe
          1 file(s) copied.
          1 file(s) copied.
          1 file(s) copied.
          1 file(s) copied.
          1 file(s) copied.
          1 file(s) copied.
          1 file(s) copied.
          1 file(s) copied.
